<?xml version="1.0" encoding="UTF-8"?>
<!-- Generated by org.testng.reporters.JUnitReportReporter -->
<testsuite hostname="AshokLP" failures="0" tests="1" name="com.automation.testcases.LoginTest" time="4.212" errors="0" timestamp="2024-03-14T12:05:16 IST" skipped="0">
  <testcase classname="com.automation.testcases.LoginTest" name="loginapp" time="4.212"/>
</testsuite> <!-- com.automation.testcases.LoginTest -->
