<?xml version="1.0" encoding="UTF-8"?>
<!-- Generated by org.testng.reporters.JUnitReportReporter -->
<testsuite hostname="AshokLP" failures="0" tests="1" name="com.automation.testcases.LoginTest" time="2.475" errors="0" timestamp="2024-03-14T18:11:12 IST" skipped="0">
  <testcase classname="com.automation.testcases.LoginTest" name="loginapp" time="2.475"/>
</testsuite> <!-- com.automation.testcases.LoginTest -->
