<?xml version="1.0" encoding="UTF-8"?>
<!-- Generated by org.testng.reporters.JUnitReportReporter -->
<testsuite hostname="AshokLP" failures="0" tests="1" name="com.automation.testcases.LoginTest" time="3.747" errors="0" timestamp="2024-03-15T11:44:55 IST" skipped="0">
  <testcase classname="com.automation.testcases.LoginTest" name="loginapp" time="3.747"/>
</testsuite> <!-- com.automation.testcases.LoginTest -->
